<?xml version="1.0" encoding="UTF-8"?>
<!-- Generated by org.testng.reporters.JUnitReportReporter -->
<testsuite hostname="LAPTOP-598MM7P2" failures="0" tests="5" name="com.telus.automationsuite.RegisterDemo" time="11.478" errors="0" timestamp="2022-09-07T15:13:35 IST" skipped="0">
  <testcase classname="com.telus.automationsuite.RegisterDemo" name="launchApplication" time="5.171"/>
  <system-out/>
  <testcase classname="com.telus.automationsuite.RegisterDemo" name="navigateToRegistrationForm" time="2.664"/>
  <system-out/>
  <testcase classname="com.telus.automationsuite.RegisterDemo" name="userRegisterDemo" time="3.541"/>
  <system-out/>
  <testcase classname="com.telus.automationsuite.RegisterDemo" name="validationOfsuccessfulMsg" time="0.043"/>
  <system-out/>
  <testcase classname="com.telus.automationsuite.RegisterDemo" name="closeApplication" time="0.059"/>
  <system-out/>
</testsuite> <!-- com.telus.automationsuite.RegisterDemo -->
